<?xml version="1.0" encoding="UTF-8"?>
<!-- Generated by org.testng.reporters.JUnitReportReporter -->
<testsuite hostname="DESKTOP-EVOC63Q" failures="0" tests="2" name="WebDriverBasics.TestNGBasics" time="0.009" errors="0" timestamp="2021-11-17T22:44:30 IST" skipped="0">
  <testcase classname="WebDriverBasics.TestNGBasics" name="Test3" time="0.006"/>
  <system-out/>
  <testcase classname="WebDriverBasics.TestNGBasics" name="Test1" time="0.003"/>
  <system-out/>
</testsuite> <!-- WebDriverBasics.TestNGBasics -->
