<?xml version="1.0" encoding="UTF-8"?>
<!-- Generated by org.testng.reporters.JUnitReportReporter -->
<testsuite hostname="DESKTOP-EVOC63Q" failures="0" tests="1" name="com.crm.qa.testcases.LoginPageTest" time="10.646" errors="0" timestamp="2021-11-24T07:50:22 IST" skipped="0">
  <testcase classname="com.crm.qa.testcases.LoginPageTest" name="loginpageTitleTest" time="10.646"/>
  <system-out/>
</testsuite> <!-- com.crm.qa.testcases.LoginPageTest -->
