<?xml version="1.0" encoding="UTF-8"?>
<!-- Generated by org.testng.reporters.JUnitReportReporter -->
<testsuite hostname="DESKTOP-EVOC63Q" failures="0" tests="2" name="com.tests.LoginTest" time="11.758" errors="0" timestamp="2021-11-24T22:37:31 IST" skipped="0">
  <testcase classname="com.tests.LoginTest" name="freecrmtitletest" time="5.015"/>
  <system-out/>
  <testcase classname="com.tests.LoginTest" name="crmlogo" time="6.743"/>
  <system-out/>
</testsuite> <!-- com.tests.LoginTest -->
